{"/home/christoph/Workspace/greenhouse-frontend-nuxt3/components/ToggleButton.vue": {"path":"/home/christoph/Workspace/greenhouse-frontend-nuxt3/components/ToggleButton.vue","statementMap":{"0":{"start":{"line":4,"column":0},"end":{"line":6,"column":3}},"1":{"start":{"line":7,"column":0},"end":{"line":7,"column":25}},"2":{"start":{"line":8,"column":15},"end":{"line":87,"column":1}},"3":{"start":{"line":40,"column":22},"end":{"line":40,"column":62}},"4":{"start":{"line":57,"column":4},"end":{"line":57,"column":15}},"5":{"start":{"line":58,"column":18},"end":{"line":58,"column":25}},"6":{"start":{"line":59,"column":17},"end":{"line":59,"column":23}},"7":{"start":{"line":60,"column":25},"end":{"line":60,"column":48}},"8":{"start":{"line":61,"column":4},"end":{"line":63,"column":7}},"9":{"start":{"line":61,"column":16},"end":{"line":61,"column":34}},"10":{"start":{"line":62,"column":6},"end":{"line":62,"column":45}},"11":{"start":{"line":64,"column":21},"end":{"line":64,"column":55}},"12":{"start":{"line":64,"column":36},"end":{"line":64,"column":54}},"13":{"start":{"line":65,"column":20},"end":{"line":65,"column":56}},"14":{"start":{"line":65,"column":35},"end":{"line":65,"column":55}},"15":{"start":{"line":66,"column":25},"end":{"line":72,"column":6}},"16":{"start":{"line":67,"column":17},"end":{"line":67,"column":35}},"17":{"start":{"line":69,"column":8},"end":{"line":69,"column":38}},"18":{"start":{"line":70,"column":8},"end":{"line":70,"column":33}},"19":{"start":{"line":73,"column":25},"end":{"line":80,"column":5}},"20":{"start":{"line":81,"column":4},"end":{"line":84,"column":7}},"21":{"start":{"line":85,"column":4},"end":{"line":85,"column":24}},"22":{"start":{"line":90,"column":0},"end":{"line":92,"column":3}},"23":{"start":{"line":93,"column":0},"end":{"line":93,"column":24}},"24":{"start":{"line":94,"column":11},"end":{"line":94,"column":25}},"25":{"start":{"line":95,"column":17},"end":{"line":95,"column":24}},"26":{"start":{"line":96,"column":17},"end":{"line":96,"column":35}},"27":{"start":{"line":97,"column":17},"end":{"line":100,"column":1}},"28":{"start":{"line":102,"column":2},"end":{"line":124,"column":396}},"29":{"start":{"line":117,"column":6},"end":{"line":117,"column":42}},"30":{"start":{"line":125,"column":2},"end":{"line":125,"column":49}}},"fnMap":{"0":{"name":"(anonymous_0)","decl":{"start":{"line":40,"column":17},"end":{"line":40,"column":18}},"loc":{"start":{"line":40,"column":22},"end":{"line":40,"column":62}},"line":40},"1":{"name":"(anonymous_1)","decl":{"start":{"line":53,"column":2},"end":{"line":53,"column":3}},"loc":{"start":{"line":56,"column":5},"end":{"line":86,"column":3}},"line":56},"2":{"name":"(anonymous_2)","decl":{"start":{"line":61,"column":10},"end":{"line":61,"column":11}},"loc":{"start":{"line":61,"column":16},"end":{"line":61,"column":34}},"line":61},"3":{"name":"(anonymous_3)","decl":{"start":{"line":61,"column":36},"end":{"line":61,"column":37}},"loc":{"start":{"line":61,"column":48},"end":{"line":63,"column":5}},"line":61},"4":{"name":"(anonymous_4)","decl":{"start":{"line":64,"column":30},"end":{"line":64,"column":31}},"loc":{"start":{"line":64,"column":36},"end":{"line":64,"column":54}},"line":64},"5":{"name":"(anonymous_5)","decl":{"start":{"line":65,"column":29},"end":{"line":65,"column":30}},"loc":{"start":{"line":65,"column":35},"end":{"line":65,"column":55}},"line":65},"6":{"name":"(anonymous_6)","decl":{"start":{"line":67,"column":11},"end":{"line":67,"column":12}},"loc":{"start":{"line":67,"column":17},"end":{"line":67,"column":35}},"line":67},"7":{"name":"(anonymous_7)","decl":{"start":{"line":68,"column":11},"end":{"line":68,"column":12}},"loc":{"start":{"line":68,"column":23},"end":{"line":71,"column":7}},"line":68},"8":{"name":"render","decl":{"start":{"line":101,"column":9},"end":{"line":101,"column":15}},"loc":{"start":{"line":101,"column":63},"end":{"line":125,"column":1}},"line":101},"9":{"name":"(anonymous_9)","decl":{"start":{"line":116,"column":53},"end":{"line":116,"column":54}},"loc":{"start":{"line":116,"column":71},"end":{"line":118,"column":5}},"line":116}},"branchMap":{"0":{"loc":{"start":{"line":116,"column":27},"end":{"line":118,"column":6}},"type":"binary-expr","locations":[{"start":{"line":116,"column":27},"end":{"line":116,"column":36}},{"start":{"line":116,"column":41},"end":{"line":118,"column":5}}],"line":116},"1":{"loc":{"start":{"line":120,"column":86},"end":{"line":124,"column":24}},"type":"binary-expr","locations":[{"start":{"line":120,"column":86},"end":{"line":120,"column":95}},{"start":{"line":120,"column":100},"end":{"line":124,"column":23}}],"line":120},"2":{"loc":{"start":{"line":124,"column":104},"end":{"line":124,"column":351}},"type":"cond-expr","locations":[{"start":{"line":124,"column":125},"end":{"line":124,"column":305}},{"start":{"line":124,"column":309},"end":{"line":124,"column":351}}],"line":124},"3":{"loc":{"start":{"line":124,"column":223},"end":{"line":124,"column":289}},"type":"cond-expr","locations":[{"start":{"line":124,"column":241},"end":{"line":124,"column":263}},{"start":{"line":124,"column":266},"end":{"line":124,"column":289}}],"line":124}},"s":{"0":1,"1":1,"2":1,"3":26,"4":18,"5":18,"6":18,"7":18,"8":18,"9":20,"10":2,"11":18,"12":26,"13":18,"14":18,"15":18,"16":26,"17":6,"18":6,"19":18,"20":18,"21":18,"22":1,"23":1,"24":1,"25":1,"26":1,"27":1,"28":32,"29":6,"30":1},"f":{"0":26,"1":18,"2":20,"3":2,"4":26,"5":18,"6":26,"7":6,"8":32,"9":6},"b":{"0":[32,18],"1":[32,18],"2":[2,30],"3":[1,1]},"inputSourceMap":{"0":"{","1":"\"","2":"v","3":"e","4":"r","5":"s","6":"i","7":"o","8":"n","9":"\"","10":":","11":"3","12":",","13":"\"","14":"s","15":"o","16":"u","17":"r","18":"c","19":"e","20":"s","21":"\"","22":":","23":"[","24":"\"","25":"/","26":"h","27":"o","28":"m","29":"e","30":"/","31":"c","32":"h","33":"r","34":"i","35":"s","36":"t","37":"o","38":"p","39":"h","40":"/","41":"W","42":"o","43":"r","44":"k","45":"s","46":"p","47":"a","48":"c","49":"e","50":"/","51":"g","52":"r","53":"e","54":"e","55":"n","56":"h","57":"o","58":"u","59":"s","60":"e","61":"-","62":"f","63":"r","64":"o","65":"n","66":"t","67":"e","68":"n","69":"d","70":"-","71":"n","72":"u","73":"x","74":"t","75":"3","76":"/","77":"c","78":"o","79":"m","80":"p","81":"o","82":"n","83":"e","84":"n","85":"t","86":"s","87":"/","88":"T","89":"o","90":"g","91":"g","92":"l","93":"e","94":"B","95":"u","96":"t","97":"t","98":"o","99":"n","100":".","101":"v","102":"u","103":"e","104":"\"","105":"]","106":",","107":"\"","108":"n","109":"a","110":"m","111":"e","112":"s","113":"\"","114":":","115":"[","116":"]","117":",","118":"\"","119":"m","120":"a","121":"p","122":"p","123":"i","124":"n","125":"g","126":"s","127":"\"","128":":","129":"\"","130":";","131":";","132":";","133":";","134":";","135":";","136":";","137":";","138":";","139":";","140":";","141":";","142":";","143":";","144":";","145":";","146":";","147":";","148":";","149":";","150":";","151":";","152":";","153":";","154":";","155":";","156":";","157":";","158":";","159":";","160":";","161":";","162":";","163":";","164":";","165":";","166":";","167":";","168":";","169":";","170":";","171":";","172":";","173":";","174":";","175":";","176":";","177":";","178":";","179":";","180":";","181":";","182":";","183":";","184":";","185":";","186":";","187":"I","188":"A","189":"k","190":"C","191":"A","192":",","193":"M","194":"A","195":"A","196":"M","197":",","198":"K","199":"A","200":"A","201":"K","202":",","203":"G","204":"A","205":"A","206":"G","207":",","208":"O","209":"A","210":"A","211":"O","212":";","213":"I","214":"A","215":"e","216":"r","217":"B","218":",","219":"M","220":"A","221":"A","222":"M","223":",","224":"I","225":"A","226":"A","227":"I","228":",","229":"G","230":"A","231":"A","232":"G","233":",","234":"M","235":"A","236":"A","237":"M","238":";","239":"I","240":"A","241":"E","242":"n","243":"B","244":",","245":"M","246":"A","247":"A","248":"M","249":",","250":"Y","251":"A","252":"A","253":"Y","254":",","255":"G","256":"A","257":"A","258":"G","259":",","260":"G","261":"A","262":"A","263":"G","264":",","265":"C","266":"A","267":"A","268":"C","269":",","270":"K","271":"A","272":"A","273":"K","274":",","275":"C","276":"A","277":"A","278":"C","279":",","280":"Y","281":"A","282":"A","283":"Y","284":",","285":"C","286":"A","287":"A","288":"C","289":";","290":"I","291":"A","292":"E","293":"5","294":"C","295":",","296":"K","297":"A","298":"A","299":"K","300":",","301":"C","302":"A","303":"A","304":"C","305":",","306":"M","307":"A","308":"A","309":"M","310":",","311":"K","312":"A","313":"A","314":"K","315":",","316":"C","317":"A","318":"A","319":"C","320":",","321":"Y","322":"A","323":"A","324":"Y","325":",","326":"E","327":"A","328":"A","329":"G","330":",","331":"Q","332":"A","333":"A","334":"Q","335":",","336":"I","337":"A","338":"A","339":"K","340":";","341":"M","342":"A","343":"C","344":"5","345":"C","346":",","347":"Y","348":"A","349":"A","350":"Y","351":",","352":"C","353":"A","354":"A","355":"C","356":",","357":"K","358":"A","359":"A","360":"K","361":",","362":"G","363":"A","364":"A","365":"G","366":",","367":"O","368":"A","369":"A","370":"O","371":",","372":"C","373":"A","374":"A","375":"C","376":",","377":"Q","378":"A","379":"A","380":"Q","381":",","382":"C","383":"A","384":"A","385":"C","386":";","387":"I","388":"A","389":"C","390":"x","391":"C","392":",","393":"C","394":"A","395":"A","396":"C","397":",","398":"C","399":"A","400":"A","401":"C","402":";","403":"I","404":"A","405":"E","406":"F","407":",","408":"M","409":"A","410":"A","411":"M","412":",","413":"Q","414":"A","415":"A","416":"Q","417":",","418":"G","419":"A","420":"A","421":"G","422":",","423":"Q","424":"A","425":"A","426":"Q","427":",","428":"C","429":"A","430":"A","431":"C","432":",","433":"M","434":"A","435":"A","436":"M","437":",","438":"Y","439":"A","440":"A","441":"Y","442":",","443":"C","444":"A","445":"A","446":"C","447":",","448":"K","449":"A","450":"A","451":"K","452":",","453":"C","454":"A","455":"A","456":"C","457":";","458":"I","459":"A","460":"E","461":"n","462":"D","463":",","464":"M","465":"A","466":"A","467":"M","468":",","469":"O","470":"A","471":"A","472":"O","473":",","474":"G","475":"A","476":"A","477":"G","478":",","479":"Q","480":"A","481":"A","482":"Q","483":",","484":"C","485":"A","486":"A","487":"C","488":",","489":"M","490":"A","491":"A","492":"M","493":",","494":"G","495":"A","496":"A","497":"G","498":",","499":"K","500":"A","501":"A","502":"K","503":",","504":"C","505":"A","506":"A","507":"C","508":",","509":"E","510":"A","511":"A","512":"E","513":",","514":"S","515":"A","516":"A","517":"S","518":",","519":"C","520":"A","521":"A","522":"C","523":";","524":"I","525":"A","526":"E","527":"p","528":"D","529":",","530":"M","531":"A","532":"A","533":"M","534":",","535":"Y","536":"A","537":"A","538":"Y","539":",","540":"G","541":"A","542":"A","543":"G","544":",","545":"Q","546":"A","547":"A","548":"Q","549":",","550":"C","551":"A","552":"A","553":"C","554":";","555":"M","556":"A","557":"C","558":"5","559":"B","560":",","561":"G","562":"A","563":"A","564":"G","565":",","566":"E","567":"A","568":"A","569":"E","570":",","571":"M","572":"A","573":"A","574":"M","575":",","576":"Y","577":"A","578":"A","579":"Y","580":",","581":"C","582":"A","583":"A","584":"C","585":",","586":"K","587":"A","588":"A","589":"K","590":";","591":"M","592":"A","593":"C","594":"7","595":"B","596":",","597":"G","598":"A","599":"A","600":"G","601":",","602":"E","603":"A","604":"A","605":"G","606":",","607":"Q","608":"A","609":"A","610":"Q","611":",","612":"I","613":"A","614":"A","615":"K","616":";","617":"Q","618":"A","619":"C","620":"j","621":"B","622":",","623":"Y","624":"A","625":"A","626":"Y","627":",","628":"C","629":"A","630":"A","631":"C","632":",","633":"K","634":"A","635":"A","636":"K","637":",","638":"G","639":"A","640":"A","641":"G","642":",","643":"Q","644":"A","645":"A","646":"Q","647":";","648":"Q","649":"A","650":"C","651":"7","652":"B","653":",","654":"I","655":"A","656":"A","657":"I","658":",","659":"C","660":"A","661":"A","662":"C","663":",","664":"Q","665":"A","666":"A","667":"Q","668":",","669":"E","670":"A","671":"A","672":"E","673":",","674":"Q","675":"A","676":"A","677":"Q","678":",","679":"C","680":"A","681":"A","682":"C","683":";","684":"M","685":"A","686":"C","687":"1","688":"B","689":";","690":"I","691":"A","692":"C","693":"F","694":",","695":"C","696":"A","697":"A","698":"C","699":",","700":"C","701":"A","702":"A","703":"C","704":"\"","705":",","706":"\"","707":"f","708":"i","709":"l","710":"e","711":"\"","712":":","713":"\"","714":"/","715":"h","716":"o","717":"m","718":"e","719":"/","720":"c","721":"h","722":"r","723":"i","724":"s","725":"t","726":"o","727":"p","728":"h","729":"/","730":"W","731":"o","732":"r","733":"k","734":"s","735":"p","736":"a","737":"c","738":"e","739":"/","740":"g","741":"r","742":"e","743":"e","744":"n","745":"h","746":"o","747":"u","748":"s","749":"e","750":"-","751":"f","752":"r","753":"o","754":"n","755":"t","756":"e","757":"n","758":"d","759":"-","760":"n","761":"u","762":"x","763":"t","764":"3","765":"/","766":"c","767":"o","768":"m","769":"p","770":"o","771":"n","772":"e","773":"n","774":"t","775":"s","776":"/","777":"T","778":"o","779":"g","780":"g","781":"l","782":"e","783":"B","784":"u","785":"t","786":"t","787":"o","788":"n","789":".","790":"v","791":"u","792":"e","793":"\"","794":",","795":"\"","796":"s","797":"o","798":"u","799":"r","800":"c","801":"e","802":"s","803":"C","804":"o","805":"n","806":"t","807":"e","808":"n","809":"t","810":"\"","811":":","812":"[","813":"\"","814":"<","815":"t","816":"e","817":"m","818":"p","819":"l","820":"a","821":"t","822":"e","823":">","824":"\\","825":"n","826":" ","827":" ","828":"<","829":"l","830":"a","831":"b","832":"e","833":"l","834":" ","835":"\\","836":"n","837":" ","838":" ","839":" ","840":" ","841":":","842":"c","843":"l","844":"a","845":"s","846":"s","847":"=","848":"\\","849":"\"","850":"[","851":"\\","852":"n","853":" ","854":" ","855":" ","856":" ","857":" ","858":" ","859":"'","860":"i","861":"o","862":"s","863":"-","864":"t","865":"o","866":"g","867":"g","868":"l","869":"e","870":"'","871":",","872":"\\","873":"n","874":" ","875":" ","876":" ","877":" ","878":" ","879":" ","880":"`","881":"i","882":"o","883":"s","884":"-","885":"t","886":"o","887":"g","888":"g","889":"l","890":"e","891":"-","892":"-","893":"$","894":"{","895":"s","896":"i","897":"z","898":"e","899":"}","900":"`","901":",","902":"\\","903":"n","904":" ","905":" ","906":" ","907":" ","908":" ","909":" ","910":"{","911":" ","912":"\\","913":"n","914":" ","915":" ","916":" ","917":" ","918":" ","919":" ","920":" ","921":" ","922":"'","923":"i","924":"o","925":"s","926":"-","927":"t","928":"o","929":"g","930":"g","931":"l","932":"e","933":"-","934":"-","935":"a","936":"c","937":"t","938":"i","939":"v","940":"e","941":"'","942":":","943":" ","944":"i","945":"s","946":"A","947":"c","948":"t","949":"i","950":"v","951":"e","952":",","953":"\\","954":"n","955":" ","956":" ","957":" ","958":" ","959":" ","960":" ","961":" ","962":" ","963":"'","964":"i","965":"o","966":"s","967":"-","968":"t","969":"o","970":"g","971":"g","972":"l","973":"e","974":"-","975":"-","976":"d","977":"i","978":"s","979":"a","980":"b","981":"l","982":"e","983":"d","984":"'","985":":","986":" ","987":"d","988":"i","989":"s","990":"a","991":"b","992":"l","993":"e","994":"d","995":"\\","996":"n","997":" ","998":" ","999":" ","1000":" ","1001":" ","1002":" ","1003":"}","1004":"\\","1005":"n","1006":" ","1007":" ","1008":" ","1009":" ","1010":"]","1011":"\\","1012":"\"","1013":"\\","1014":"n","1015":" ","1016":" ","1017":" ","1018":" ","1019":":","1020":"f","1021":"o","1022":"r","1023":"=","1024":"\\","1025":"\"","1026":"i","1027":"n","1028":"p","1029":"u","1030":"t","1031":"I","1032":"d","1033":"\\","1034":"\"","1035":"\\","1036":"n","1037":" ","1038":" ","1039":" ","1040":" ","1041":":","1042":"s","1043":"t","1044":"y","1045":"l","1046":"e","1047":"=","1048":"\\","1049":"\"","1050":"{","1051":"\\","1052":"n","1053":" ","1054":" ","1055":" ","1056":" ","1057":" ","1058":" ","1059":"'","1060":"-","1061":"-","1062":"a","1063":"c","1064":"t","1065":"i","1066":"v","1067":"e","1068":"-","1069":"c","1070":"o","1071":"l","1072":"o","1073":"r","1074":"'","1075":":","1076":" ","1077":"c","1078":"o","1079":"l","1080":"o","1081":"r","1082":",","1083":"\\","1084":"n","1085":" ","1086":" ","1087":" ","1088":" ","1089":" ","1090":" ","1091":"'","1092":"-","1093":"-","1094":"o","1095":"f","1096":"f","1097":"-","1098":"c","1099":"o","1100":"l","1101":"o","1102":"r","1103":"'","1104":":","1105":" ","1106":"o","1107":"f","1108":"f","1109":"C","1110":"o","1111":"l","1112":"o","1113":"r","1114":"\\","1115":"n","1116":" ","1117":" ","1118":" ","1119":" ","1120":"}","1121":"\\","1122":"\"","1123":"\\","1124":"n","1125":" ","1126":" ","1127":">","1128":"\\","1129":"n","1130":" ","1131":" ","1132":" ","1133":" ","1134":"<","1135":"i","1136":"n","1137":"p","1138":"u","1139":"t","1140":"\\","1141":"n","1142":" ","1143":" ","1144":" ","1145":" ","1146":" ","1147":" ","1148":":","1149":"i","1150":"d","1151":"=","1152":"\\","1153":"\"","1154":"i","1155":"n","1156":"p","1157":"u","1158":"t","1159":"I","1160":"d","1161":"\\","1162":"\"","1163":"\\","1164":"n","1165":" ","1166":" ","1167":" ","1168":" ","1169":" ","1170":" ","1171":"t","1172":"y","1173":"p","1174":"e","1175":"=","1176":"\\","1177":"\"","1178":"c","1179":"h","1180":"e","1181":"c","1182":"k","1183":"b","1184":"o","1185":"x","1186":"\\","1187":"\"","1188":"\\","1189":"n","1190":" ","1191":" ","1192":" ","1193":" ","1194":" ","1195":" ","1196":":","1197":"d","1198":"i","1199":"s","1200":"a","1201":"b","1202":"l","1203":"e","1204":"d","1205":"=","1206":"\\","1207":"\"","1208":"d","1209":"i","1210":"s","1211":"a","1212":"b","1213":"l","1214":"e","1215":"d","1216":"\\","1217":"\"","1218":"\\","1219":"n","1220":" ","1221":" ","1222":" ","1223":" ","1224":" ","1225":" ","1226":"v","1227":"-","1228":"m","1229":"o","1230":"d","1231":"e","1232":"l","1233":"=","1234":"\\","1235":"\"","1236":"c","1237":"h","1238":"e","1239":"c","1240":"k","1241":"e","1242":"d","1243":"V","1244":"a","1245":"l","1246":"u","1247":"e","1248":"\\","1249":"\"","1250":"\\","1251":"n","1252":" ","1253":" ","1254":" ","1255":" ","1256":" ","1257":" ","1258":"c","1259":"l","1260":"a","1261":"s","1262":"s","1263":"=","1264":"\\","1265":"\"","1266":"i","1267":"o","1268":"s","1269":"-","1270":"t","1271":"o","1272":"g","1273":"g","1274":"l","1275":"e","1276":"_","1277":"_","1278":"i","1279":"n","1280":"p","1281":"u","1282":"t","1283":"\\","1284":"\"","1285":"\\","1286":"n","1287":" ","1288":" ","1289":" ","1290":" ","1291":">","1292":"\\","1293":"n","1294":" ","1295":" ","1296":" ","1297":" ","1298":"<","1299":"d","1300":"i","1301":"v","1302":" ","1303":"c","1304":"l","1305":"a","1306":"s","1307":"s","1308":"=","1309":"\\","1310":"\"","1311":"i","1312":"o","1313":"s","1314":"-","1315":"t","1316":"o","1317":"g","1318":"g","1319":"l","1320":"e","1321":"_","1322":"_","1323":"t","1324":"r","1325":"a","1326":"c","1327":"k","1328":"\\","1329":"\"","1330":">","1331":"\\","1332":"n","1333":" ","1334":" ","1335":" ","1336":" ","1337":" ","1338":" ","1339":"<","1340":"d","1341":"i","1342":"v","1343":" ","1344":"c","1345":"l","1346":"a","1347":"s","1348":"s","1349":"=","1350":"\\","1351":"\"","1352":"i","1353":"o","1354":"s","1355":"-","1356":"t","1357":"o","1358":"g","1359":"g","1360":"l","1361":"e","1362":"_","1363":"_","1364":"t","1365":"h","1366":"u","1367":"m","1368":"b","1369":"\\","1370":"\"","1371":">","1372":"<","1373":"/","1374":"d","1375":"i","1376":"v","1377":">","1378":"\\","1379":"n","1380":" ","1381":" ","1382":" ","1383":" ","1384":"<","1385":"/","1386":"d","1387":"i","1388":"v","1389":">","1390":"\\","1391":"n","1392":" ","1393":" ","1394":" ","1395":" ","1396":"<","1397":"!","1398":"-","1399":"-","1400":" ","1401":"O","1402":"p","1403":"t","1404":"i","1405":"o","1406":"n","1407":"a","1408":"l","1409":" ","1410":"l","1411":"a","1412":"b","1413":"e","1414":"l","1415":"s","1416":" ","1417":"f","1418":"o","1419":"r","1420":" ","1421":"b","1422":"a","1423":"c","1424":"k","1425":"w","1426":"a","1427":"r","1428":"d","1429":" ","1430":"c","1431":"o","1432":"m","1433":"p","1434":"a","1435":"t","1436":"i","1437":"b","1438":"i","1439":"l","1440":"i","1441":"t","1442":"y","1443":" ","1444":"-","1445":"-","1446":">","1447":"\\","1448":"n","1449":" ","1450":" ","1451":" ","1452":" ","1453":"<","1454":"s","1455":"p","1456":"a","1457":"n","1458":" ","1459":"v","1460":"-","1461":"i","1462":"f","1463":"=","1464":"\\","1465":"\"","1466":"s","1467":"h","1468":"o","1469":"w","1470":"L","1471":"a","1472":"b","1473":"e","1474":"l","1475":"s","1476":"\\","1477":"\"","1478":" ","1479":"c","1480":"l","1481":"a","1482":"s","1483":"s","1484":"=","1485":"\\","1486":"\"","1487":"i","1488":"o","1489":"s","1490":"-","1491":"t","1492":"o","1493":"g","1494":"g","1495":"l","1496":"e","1497":"_","1498":"_","1499":"l","1500":"a","1501":"b","1502":"e","1503":"l","1504":"\\","1505":"\"","1506":">","1507":"\\","1508":"n","1509":" ","1510":" ","1511":" ","1512":" ","1513":" ","1514":" ","1515":"{","1516":"{","1517":" ","1518":"i","1519":"s","1520":"A","1521":"c","1522":"t","1523":"i","1524":"v","1525":"e","1526":" ","1527":"?","1528":" ","1529":"l","1530":"a","1531":"b","1532":"e","1533":"l","1534":"E","1535":"n","1536":"a","1537":"b","1538":"l","1539":"e","1540":"T","1541":"e","1542":"x","1543":"t","1544":" ","1545":":","1546":" ","1547":"l","1548":"a","1549":"b","1550":"e","1551":"l","1552":"D","1553":"i","1554":"s","1555":"a","1556":"b","1557":"l","1558":"e","1559":"T","1560":"e","1561":"x","1562":"t","1563":" ","1564":"}","1565":"}","1566":"\\","1567":"n","1568":" ","1569":" ","1570":" ","1571":" ","1572":"<","1573":"/","1574":"s","1575":"p","1576":"a","1577":"n","1578":">","1579":"\\","1580":"n","1581":" ","1582":" ","1583":"<","1584":"/","1585":"l","1586":"a","1587":"b","1588":"e","1589":"l","1590":">","1591":"\\","1592":"n","1593":"<","1594":"/","1595":"t","1596":"e","1597":"m","1598":"p","1599":"l","1600":"a","1601":"t","1602":"e","1603":">","1604":"\\","1605":"n","1606":"\\","1607":"n","1608":"<","1609":"s","1610":"c","1611":"r","1612":"i","1613":"p","1614":"t","1615":" ","1616":"s","1617":"e","1618":"t","1619":"u","1620":"p","1621":">","1622":"\\","1623":"n","1624":"c","1625":"o","1626":"n","1627":"s","1628":"t","1629":" ","1630":"p","1631":"r","1632":"o","1633":"p","1634":"s","1635":" ","1636":"=","1637":" ","1638":"d","1639":"e","1640":"f","1641":"i","1642":"n","1643":"e","1644":"P","1645":"r","1646":"o","1647":"p","1648":"s","1649":"(","1650":"{","1651":"\\","1652":"n","1653":" ","1654":" ","1655":"/","1656":"/","1657":" ","1658":"E","1659":"x","1660":"i","1661":"s","1662":"t","1663":"i","1664":"n","1665":"g","1666":" ","1667":"p","1668":"r","1669":"o","1670":"p","1671":"s","1672":" ","1673":"(","1674":"b","1675":"a","1676":"c","1677":"k","1678":"w","1679":"a","1680":"r","1681":"d","1682":" ","1683":"c","1684":"o","1685":"m","1686":"p","1687":"a","1688":"t","1689":"i","1690":"b","1691":"i","1692":"l","1693":"i","1694":"t","1695":"y","1696":")","1697":"\\","1698":"n","1699":" ","1700":" ","1701":"d","1702":"i","1703":"s","1704":"a","1705":"b","1706":"l","1707":"e","1708":"d","1709":":","1710":" ","1711":"{","1712":" ","1713":"t","1714":"y","1715":"p","1716":"e","1717":":","1718":" ","1719":"B","1720":"o","1721":"o","1722":"l","1723":"e","1724":"a","1725":"n","1726":",","1727":" ","1728":"d","1729":"e","1730":"f","1731":"a","1732":"u","1733":"l","1734":"t","1735":":","1736":" ","1737":"f","1738":"a","1739":"l","1740":"s","1741":"e","1742":" ","1743":"}","1744":",","1745":"\\","1746":"n","1747":" ","1748":" ","1749":"c","1750":"o","1751":"l","1752":"o","1753":"r","1754":":","1755":" ","1756":"{","1757":" ","1758":"t","1759":"y","1760":"p","1761":"e","1762":":","1763":" ","1764":"S","1765":"t","1766":"r","1767":"i","1768":"n","1769":"g","1770":",","1771":" ","1772":"d","1773":"e","1774":"f","1775":"a","1776":"u","1777":"l","1778":"t","1779":":","1780":" ","1781":"'","1782":"#","1783":"2","1784":"8","1785":"a","1786":"7","1787":"4","1788":"5","1789":"'","1790":" ","1791":"}","1792":",","1793":"\\","1794":"n","1795":" ","1796":" ","1797":"l","1798":"a","1799":"b","1800":"e","1801":"l","1802":"E","1803":"n","1804":"a","1805":"b","1806":"l","1807":"e","1808":"T","1809":"e","1810":"x","1811":"t","1812":":","1813":" ","1814":"{","1815":" ","1816":"t","1817":"y","1818":"p","1819":"e","1820":":","1821":" ","1822":"S","1823":"t","1824":"r","1825":"i","1826":"n","1827":"g","1828":",","1829":" ","1830":"d","1831":"e","1832":"f","1833":"a","1834":"u","1835":"l","1836":"t","1837":":","1838":" ","1839":"\\","1840":"\"","1841":"O","1842":"n","1843":"\\","1844":"\"","1845":" ","1846":"}","1847":",","1848":"\\","1849":"n","1850":" ","1851":" ","1852":"l","1853":"a","1854":"b","1855":"e","1856":"l","1857":"D","1858":"i","1859":"s","1860":"a","1861":"b","1862":"l","1863":"e","1864":"T","1865":"e","1866":"x","1867":"t","1868":":","1869":" ","1870":"{","1871":" ","1872":"t","1873":"y","1874":"p","1875":"e","1876":":","1877":" ","1878":"S","1879":"t","1880":"r","1881":"i","1882":"n","1883":"g","1884":",","1885":" ","1886":"d","1887":"e","1888":"f","1889":"a","1890":"u","1891":"l","1892":"t","1893":":","1894":" ","1895":"\\","1896":"\"","1897":"O","1898":"f","1899":"f","1900":"\\","1901":"\"","1902":" ","1903":"}","1904":",","1905":"\\","1906":"n","1907":" ","1908":" ","1909":"i","1910":"d","1911":":","1912":" ","1913":"{","1914":" ","1915":"t","1916":"y","1917":"p","1918":"e","1919":":","1920":" ","1921":"S","1922":"t","1923":"r","1924":"i","1925":"n","1926":"g","1927":",","1928":" ","1929":"d","1930":"e","1931":"f","1932":"a","1933":"u","1934":"l","1935":"t","1936":":","1937":" ","1938":"\\","1939":"\"","1940":"p","1941":"r","1942":"i","1943":"m","1944":"a","1945":"r","1946":"y","1947":"\\","1948":"\"","1949":" ","1950":"}","1951":",","1952":"\\","1953":"n","1954":" ","1955":" ","1956":"d","1957":"e","1958":"f","1959":"a","1960":"u","1961":"l","1962":"t","1963":"S","1964":"t","1965":"a","1966":"t","1967":"e","1968":":","1969":" ","1970":"{","1971":" ","1972":"t","1973":"y","1974":"p","1975":"e","1976":":","1977":" ","1978":"B","1979":"o","1980":"o","1981":"l","1982":"e","1983":"a","1984":"n","1985":",","1986":" ","1987":"d","1988":"e","1989":"f","1990":"a","1991":"u","1992":"l","1993":"t","1994":":","1995":" ","1996":"f","1997":"a","1998":"l","1999":"s","2000":"e","2001":" ","2002":"}","2003":",","2004":"\\","2005":"n","2006":" ","2007":" ","2008":"\\","2009":"n","2010":" ","2011":" ","2012":"/","2013":"/","2014":" ","2015":"N","2016":"e","2017":"w","2018":" ","2019":"p","2020":"r","2021":"o","2022":"p","2023":"s","2024":" ","2025":"(","2026":"o","2027":"p","2028":"t","2029":"i","2030":"o","2031":"n","2032":"a","2033":"l","2034":" ","2035":"e","2036":"n","2037":"h","2038":"a","2039":"n","2040":"c","2041":"e","2042":"m","2043":"e","2044":"n","2045":"t","2046":"s","2047":")","2048":"\\","2049":"n","2050":" ","2051":" ","2052":"s","2053":"i","2054":"z","2055":"e","2056":":","2057":" ","2058":"{","2059":" ","2060":"t","2061":"y","2062":"p","2063":"e","2064":":","2065":" ","2066":"S","2067":"t","2068":"r","2069":"i","2070":"n","2071":"g","2072":",","2073":" ","2074":"d","2075":"e","2076":"f","2077":"a","2078":"u","2079":"l","2080":"t","2081":":","2082":" ","2083":"'","2084":"m","2085":"e","2086":"d","2087":"i","2088":"u","2089":"m","2090":"'","2091":",","2092":" ","2093":"v","2094":"a","2095":"l","2096":"i","2097":"d","2098":"a","2099":"t","2100":"o","2101":"r","2102":":","2103":" ","2104":"v","2105":" ","2106":"=","2107":">","2108":" ","2109":"[","2110":"'","2111":"s","2112":"m","2113":"a","2114":"l","2115":"l","2116":"'","2117":",","2118":" ","2119":"'","2120":"m","2121":"e","2122":"d","2123":"i","2124":"u","2125":"m","2126":"'","2127":",","2128":" ","2129":"'","2130":"l","2131":"a","2132":"r","2133":"g","2134":"e","2135":"'","2136":"]","2137":".","2138":"i","2139":"n","2140":"c","2141":"l","2142":"u","2143":"d","2144":"e","2145":"s","2146":"(","2147":"v","2148":")","2149":" ","2150":"}","2151":",","2152":"\\","2153":"n","2154":" ","2155":" ","2156":"s","2157":"h","2158":"o","2159":"w","2160":"L","2161":"a","2162":"b","2163":"e","2164":"l","2165":"s","2166":":","2167":" ","2168":"{","2169":" ","2170":"t","2171":"y","2172":"p","2173":"e","2174":":","2175":" ","2176":"B","2177":"o","2178":"o","2179":"l","2180":"e","2181":"a","2182":"n","2183":",","2184":" ","2185":"d","2186":"e","2187":"f","2188":"a","2189":"u","2190":"l","2191":"t","2192":":","2193":" ","2194":"f","2195":"a","2196":"l","2197":"s","2198":"e","2199":" ","2200":"}","2201":",","2202":" ","2203":"/","2204":"/","2205":" ","2206":"H","2207":"i","2208":"d","2209":"e","2210":" ","2211":"l","2212":"a","2213":"b","2214":"e","2215":"l","2216":"s","2217":" ","2218":"b","2219":"y","2220":" ","2221":"d","2222":"e","2223":"f","2224":"a","2225":"u","2226":"l","2227":"t","2228":" ","2229":"f","2230":"o","2231":"r","2232":" ","2233":"i","2234":"O","2235":"S","2236":" ","2237":"l","2238":"o","2239":"o","2240":"k","2241":"\\","2242":"n","2243":" ","2244":" ","2245":"o","2246":"f","2247":"f","2248":"C","2249":"o","2250":"l","2251":"o","2252":"r","2253":":","2254":" ","2255":"{","2256":" ","2257":"t","2258":"y","2259":"p","2260":"e","2261":":","2262":" ","2263":"S","2264":"t","2265":"r","2266":"i","2267":"n","2268":"g","2269":",","2270":" ","2271":"d","2272":"e","2273":"f","2274":"a","2275":"u","2276":"l","2277":"t","2278":":","2279":" ","2280":"'","2281":"#","2282":"e","2283":"0","2284":"e","2285":"0","2286":"e","2287":"0","2288":"'","2289":" ","2290":"}","2291":" ","2292":" ","2293":" ","2294":"/","2295":"/","2296":" ","2297":"C","2298":"u","2299":"s","2300":"t","2301":"o","2302":"m","2303":" ","2304":"o","2305":"f","2306":"f","2307":"-","2308":"t","2309":"r","2310":"a","2311":"c","2312":"k","2313":" ","2314":"c","2315":"o","2316":"l","2317":"o","2318":"r","2319":"\\","2320":"n","2321":"}","2322":")","2323":"\\","2324":"n","2325":"\\","2326":"n","2327":"c","2328":"o","2329":"n","2330":"s","2331":"t","2332":" ","2333":"e","2334":"m","2335":"i","2336":"t","2337":" ","2338":"=","2339":" ","2340":"d","2341":"e","2342":"f","2343":"i","2344":"n","2345":"e","2346":"E","2347":"m","2348":"i","2349":"t","2350":"s","2351":"(","2352":"[","2353":"'","2354":"c","2355":"h","2356":"a","2357":"n","2358":"g","2359":"e","2360":"'","2361":"]","2362":")","2363":"\\","2364":"n","2365":"\\","2366":"n","2367":"c","2368":"o","2369":"n","2370":"s","2371":"t","2372":" ","2373":"c","2374":"u","2375":"r","2376":"r","2377":"e","2378":"n","2379":"t","2380":"S","2381":"t","2382":"a","2383":"t","2384":"e","2385":" ","2386":"=","2387":" ","2388":"r","2389":"e","2390":"f","2391":"(","2392":"p","2393":"r","2394":"o","2395":"p","2396":"s","2397":".","2398":"d","2399":"e","2400":"f","2401":"a","2402":"u","2403":"l","2404":"t","2405":"S","2406":"t","2407":"a","2408":"t","2409":"e","2410":")","2411":"\\","2412":"n","2413":"\\","2414":"n","2415":"w","2416":"a","2417":"t","2418":"c","2419":"h","2420":"(","2421":"(","2422":")","2423":" ","2424":"=","2425":">","2426":" ","2427":"p","2428":"r","2429":"o","2430":"p","2431":"s","2432":".","2433":"d","2434":"e","2435":"f","2436":"a","2437":"u","2438":"l","2439":"t","2440":"S","2441":"t","2442":"a","2443":"t","2444":"e","2445":",","2446":" ","2447":"(","2448":"n","2449":"e","2450":"w","2451":"V","2452":"a","2453":"l","2454":"u","2455":"e","2456":")","2457":" ","2458":"=","2459":">","2460":" ","2461":"{","2462":"\\","2463":"n","2464":" ","2465":" ","2466":"c","2467":"u","2468":"r","2469":"r","2470":"e","2471":"n","2472":"t","2473":"S","2474":"t","2475":"a","2476":"t","2477":"e","2478":".","2479":"v","2480":"a","2481":"l","2482":"u","2483":"e","2484":" ","2485":"=","2486":" ","2487":"B","2488":"o","2489":"o","2490":"l","2491":"e","2492":"a","2493":"n","2494":"(","2495":"n","2496":"e","2497":"w","2498":"V","2499":"a","2500":"l","2501":"u","2502":"e","2503":")","2504":"\\","2505":"n","2506":"}","2507":")","2508":"\\","2509":"n","2510":"\\","2511":"n","2512":"c","2513":"o","2514":"n","2515":"s","2516":"t","2517":" ","2518":"i","2519":"s","2520":"A","2521":"c","2522":"t","2523":"i","2524":"v","2525":"e","2526":" ","2527":"=","2528":" ","2529":"c","2530":"o","2531":"m","2532":"p","2533":"u","2534":"t","2535":"e","2536":"d","2537":"(","2538":"(","2539":")","2540":" ","2541":"=","2542":">","2543":" ","2544":"c","2545":"u","2546":"r","2547":"r","2548":"e","2549":"n","2550":"t","2551":"S","2552":"t","2553":"a","2554":"t","2555":"e","2556":".","2557":"v","2558":"a","2559":"l","2560":"u","2561":"e","2562":")","2563":"\\","2564":"n","2565":"\\","2566":"n","2567":"c","2568":"o","2569":"n","2570":"s","2571":"t","2572":" ","2573":"i","2574":"n","2575":"p","2576":"u","2577":"t","2578":"I","2579":"d","2580":" ","2581":"=","2582":" ","2583":"c","2584":"o","2585":"m","2586":"p","2587":"u","2588":"t","2589":"e","2590":"d","2591":"(","2592":"(","2593":")","2594":" ","2595":"=","2596":">","2597":" ","2598":"`","2599":"$","2600":"{","2601":"p","2602":"r","2603":"o","2604":"p","2605":"s","2606":".","2607":"i","2608":"d","2609":"}","2610":"_","2611":"b","2612":"u","2613":"t","2614":"t","2615":"o","2616":"n","2617":"`","2618":")","2619":"\\","2620":"n","2621":"\\","2622":"n","2623":"c","2624":"o","2625":"n","2626":"s","2627":"t","2628":" ","2629":"c","2630":"h","2631":"e","2632":"c","2633":"k","2634":"e","2635":"d","2636":"V","2637":"a","2638":"l","2639":"u","2640":"e","2641":" ","2642":"=","2643":" ","2644":"c","2645":"o","2646":"m","2647":"p","2648":"u","2649":"t","2650":"e","2651":"d","2652":"(","2653":"{","2654":"\\","2655":"n","2656":" ","2657":" ","2658":"g","2659":"e","2660":"t","2661":":","2662":" ","2663":"(","2664":")","2665":" ","2666":"=","2667":">","2668":" ","2669":"c","2670":"u","2671":"r","2672":"r","2673":"e","2674":"n","2675":"t","2676":"S","2677":"t","2678":"a","2679":"t","2680":"e","2681":".","2682":"v","2683":"a","2684":"l","2685":"u","2686":"e","2687":",","2688":"\\","2689":"n","2690":" ","2691":" ","2692":"s","2693":"e","2694":"t","2695":":","2696":" ","2697":"(","2698":"n","2699":"e","2700":"w","2701":"V","2702":"a","2703":"l","2704":"u","2705":"e","2706":")","2707":" ","2708":"=","2709":">","2710":" ","2711":"{","2712":"\\","2713":"n","2714":" ","2715":" ","2716":" ","2717":" ","2718":"c","2719":"u","2720":"r","2721":"r","2722":"e","2723":"n","2724":"t","2725":"S","2726":"t","2727":"a","2728":"t","2729":"e","2730":".","2731":"v","2732":"a","2733":"l","2734":"u","2735":"e","2736":" ","2737":"=","2738":" ","2739":"n","2740":"e","2741":"w","2742":"V","2743":"a","2744":"l","2745":"u","2746":"e","2747":"\\","2748":"n","2749":" ","2750":" ","2751":" ","2752":" ","2753":"e","2754":"m","2755":"i","2756":"t","2757":"(","2758":"'","2759":"c","2760":"h","2761":"a","2762":"n","2763":"g","2764":"e","2765":"'","2766":",","2767":" ","2768":"n","2769":"e","2770":"w","2771":"V","2772":"a","2773":"l","2774":"u","2775":"e","2776":")","2777":"\\","2778":"n","2779":" ","2780":" ","2781":"}","2782":"\\","2783":"n","2784":"}","2785":")","2786":"\\","2787":"n","2788":"<","2789":"/","2790":"s","2791":"c","2792":"r","2793":"i","2794":"p","2795":"t","2796":">","2797":"\\","2798":"n","2799":"\\","2800":"n","2801":"<","2802":"s","2803":"t","2804":"y","2805":"l","2806":"e","2807":" ","2808":"s","2809":"c","2810":"o","2811":"p","2812":"e","2813":"d","2814":">","2815":"\\","2816":"n","2817":".","2818":"i","2819":"o","2820":"s","2821":"-","2822":"t","2823":"o","2824":"g","2825":"g","2826":"l","2827":"e","2828":" ","2829":"{","2830":"\\","2831":"n","2832":" ","2833":" ","2834":"p","2835":"o","2836":"s","2837":"i","2838":"t","2839":"i","2840":"o","2841":"n","2842":":","2843":" ","2844":"r","2845":"e","2846":"l","2847":"a","2848":"t","2849":"i","2850":"v","2851":"e","2852":";","2853":"\\","2854":"n","2855":" ","2856":" ","2857":"d","2858":"i","2859":"s","2860":"p","2861":"l","2862":"a","2863":"y","2864":":","2865":" ","2866":"i","2867":"n","2868":"l","2869":"i","2870":"n","2871":"e","2872":"-","2873":"f","2874":"l","2875":"e","2876":"x","2877":";","2878":"\\","2879":"n","2880":" ","2881":" ","2882":"a","2883":"l","2884":"i","2885":"g","2886":"n","2887":"-","2888":"i","2889":"t","2890":"e","2891":"m","2892":"s","2893":":","2894":" ","2895":"c","2896":"e","2897":"n","2898":"t","2899":"e","2900":"r","2901":";","2902":"\\","2903":"n","2904":" ","2905":" ","2906":"c","2907":"u","2908":"r","2909":"s","2910":"o","2911":"r","2912":":","2913":" ","2914":"p","2915":"o","2916":"i","2917":"n","2918":"t","2919":"e","2920":"r","2921":";","2922":"\\","2923":"n","2924":" ","2925":" ","2926":"u","2927":"s","2928":"e","2929":"r","2930":"-","2931":"s","2932":"e","2933":"l","2934":"e","2935":"c","2936":"t","2937":":","2938":" ","2939":"n","2940":"o","2941":"n","2942":"e","2943":";","2944":"\\","2945":"n","2946":" ","2947":" ","2948":"t","2949":"r","2950":"a","2951":"n","2952":"s","2953":"i","2954":"t","2955":"i","2956":"o","2957":"n","2958":":","2959":" ","2960":"o","2961":"p","2962":"a","2963":"c","2964":"i","2965":"t","2966":"y","2967":" ","2968":"0","2969":".","2970":"2","2971":"s","2972":" ","2973":"e","2974":"a","2975":"s","2976":"e","2977":";","2978":"\\","2979":"n","2980":"}","2981":"\\","2982":"n","2983":"\\","2984":"n","2985":".","2986":"i","2987":"o","2988":"s","2989":"-","2990":"t","2991":"o","2992":"g","2993":"g","2994":"l","2995":"e","2996":"_","2997":"_","2998":"i","2999":"n","3000":"p","3001":"u","3002":"t","3003":" ","3004":"{","3005":"\\","3006":"n","3007":" ","3008":" ","3009":"o","3010":"p","3011":"a","3012":"c","3013":"i","3014":"t","3015":"y","3016":":","3017":" ","3018":"0","3019":";","3020":"\\","3021":"n","3022":" ","3023":" ","3024":"p","3025":"o","3026":"s","3027":"i","3028":"t","3029":"i","3030":"o","3031":"n","3032":":","3033":" ","3034":"a","3035":"b","3036":"s","3037":"o","3038":"l","3039":"u","3040":"t","3041":"e","3042":";","3043":"\\","3044":"n","3045":" ","3046":" ","3047":"w","3048":"i","3049":"d","3050":"t","3051":"h","3052":":","3053":" ","3054":"0","3055":";","3056":"\\","3057":"n","3058":" ","3059":" ","3060":"h","3061":"e","3062":"i","3063":"g","3064":"h","3065":"t","3066":":","3067":" ","3068":"0","3069":";","3070":"\\","3071":"n","3072":" ","3073":" ","3074":"p","3075":"o","3076":"i","3077":"n","3078":"t","3079":"e","3080":"r","3081":"-","3082":"e","3083":"v","3084":"e","3085":"n","3086":"t","3087":"s","3088":":","3089":" ","3090":"n","3091":"o","3092":"n","3093":"e","3094":";","3095":"\\","3096":"n","3097":"}","3098":"\\","3099":"n","3100":"\\","3101":"n","3102":".","3103":"i","3104":"o","3105":"s","3106":"-","3107":"t","3108":"o","3109":"g","3110":"g","3111":"l","3112":"e","3113":"_","3114":"_","3115":"t","3116":"r","3117":"a","3118":"c","3119":"k","3120":" ","3121":"{","3122":"\\","3123":"n","3124":" ","3125":" ","3126":"p","3127":"o","3128":"s","3129":"i","3130":"t","3131":"i","3132":"o","3133":"n","3134":":","3135":" ","3136":"r","3137":"e","3138":"l","3139":"a","3140":"t","3141":"i","3142":"v","3143":"e","3144":";","3145":"\\","3146":"n","3147":" ","3148":" ","3149":"b","3150":"o","3151":"r","3152":"d","3153":"e","3154":"r","3155":"-","3156":"r","3157":"a","3158":"d","3159":"i","3160":"u","3161":"s","3162":":","3163":" ","3164":"3","3165":"4","3166":"p","3167":"x","3168":";","3169":"\\","3170":"n","3171":" ","3172":" ","3173":"b","3174":"a","3175":"c","3176":"k","3177":"g","3178":"r","3179":"o","3180":"u","3181":"n","3182":"d","3183":"-","3184":"c","3185":"o","3186":"l","3187":"o","3188":"r","3189":":","3190":" ","3191":"v","3192":"a","3193":"r","3194":"(","3195":"-","3196":"-","3197":"o","3198":"f","3199":"f","3200":"-","3201":"c","3202":"o","3203":"l","3204":"o","3205":"r","3206":",","3207":" ","3208":"#","3209":"e","3210":"0","3211":"e","3212":"0","3213":"e","3214":"0","3215":")","3216":";","3217":"\\","3218":"n","3219":" ","3220":" ","3221":"t","3222":"r","3223":"a","3224":"n","3225":"s","3226":"i","3227":"t","3228":"i","3229":"o","3230":"n","3231":":","3232":" ","3233":"b","3234":"a","3235":"c","3236":"k","3237":"g","3238":"r","3239":"o","3240":"u","3241":"n","3242":"d","3243":"-","3244":"c","3245":"o","3246":"l","3247":"o","3248":"r","3249":" ","3250":"0","3251":".","3252":"2","3253":"s","3254":" ","3255":"e","3256":"a","3257":"s","3258":"e","3259":";","3260":"\\","3261":"n","3262":" ","3263":" ","3264":"b","3265":"o","3266":"x","3267":"-","3268":"s","3269":"h","3270":"a","3271":"d","3272":"o","3273":"w","3274":":","3275":" ","3276":"i","3277":"n","3278":"s","3279":"e","3280":"t","3281":" ","3282":"0","3283":" ","3284":"1","3285":"p","3286":"x","3287":" ","3288":"3","3289":"p","3290":"x","3291":" ","3292":"r","3293":"g","3294":"b","3295":"a","3296":"(","3297":"0","3298":",","3299":" ","3300":"0","3301":",","3302":" ","3303":"0","3304":",","3305":" ","3306":"0","3307":".","3308":"1","3309":")","3310":";","3311":"\\","3312":"n","3313":"}","3314":"\\","3315":"n","3316":"\\","3317":"n","3318":".","3319":"i","3320":"o","3321":"s","3322":"-","3323":"t","3324":"o","3325":"g","3326":"g","3327":"l","3328":"e","3329":"_","3330":"_","3331":"t","3332":"h","3333":"u","3334":"m","3335":"b","3336":" ","3337":"{","3338":"\\","3339":"n","3340":" ","3341":" ","3342":"p","3343":"o","3344":"s","3345":"i","3346":"t","3347":"i","3348":"o","3349":"n","3350":":","3351":" ","3352":"a","3353":"b","3354":"s","3355":"o","3356":"l","3357":"u","3358":"t","3359":"e","3360":";","3361":"\\","3362":"n","3363":" ","3364":" ","3365":"t","3366":"o","3367":"p","3368":":","3369":" ","3370":"2","3371":"p","3372":"x","3373":";","3374":"\\","3375":"n","3376":" ","3377":" ","3378":"l","3379":"e","3380":"f","3381":"t","3382":":","3383":" ","3384":"2","3385":"p","3386":"x","3387":";","3388":"\\","3389":"n","3390":" ","3391":" ","3392":"b","3393":"o","3394":"r","3395":"d","3396":"e","3397":"r","3398":"-","3399":"r","3400":"a","3401":"d","3402":"i","3403":"u","3404":"s","3405":":","3406":" ","3407":"5","3408":"0","3409":"%","3410":";","3411":"\\","3412":"n","3413":" ","3414":" ","3415":"b","3416":"a","3417":"c","3418":"k","3419":"g","3420":"r","3421":"o","3422":"u","3423":"n","3424":"d","3425":"-","3426":"c","3427":"o","3428":"l","3429":"o","3430":"r","3431":":","3432":" ","3433":"w","3434":"h","3435":"i","3436":"t","3437":"e","3438":";","3439":"\\","3440":"n","3441":" ","3442":" ","3443":"b","3444":"o","3445":"x","3446":"-","3447":"s","3448":"h","3449":"a","3450":"d","3451":"o","3452":"w","3453":":","3454":" ","3455":"0","3456":" ","3457":"2","3458":"p","3459":"x","3460":" ","3461":"6","3462":"p","3463":"x","3464":" ","3465":"r","3466":"g","3467":"b","3468":"a","3469":"(","3470":"0","3471":",","3472":" ","3473":"0","3474":",","3475":" ","3476":"0","3477":",","3478":" ","3479":"0","3480":".","3481":"2","3482":")","3483":",","3484":" ","3485":"0","3486":" ","3487":"1","3488":"p","3489":"x","3490":" ","3491":"2","3492":"p","3493":"x","3494":" ","3495":"r","3496":"g","3497":"b","3498":"a","3499":"(","3500":"0","3501":",","3502":" ","3503":"0","3504":",","3505":" ","3506":"0","3507":",","3508":" ","3509":"0","3510":".","3511":"1","3512":")","3513":";","3514":"\\","3515":"n","3516":" ","3517":" ","3518":"t","3519":"r","3520":"a","3521":"n","3522":"s","3523":"i","3524":"t","3525":"i","3526":"o","3527":"n","3528":":","3529":" ","3530":"t","3531":"r","3532":"a","3533":"n","3534":"s","3535":"f","3536":"o","3537":"r","3538":"m","3539":" ","3540":"0","3541":".","3542":"2","3543":"s","3544":" ","3545":"c","3546":"u","3547":"b","3548":"i","3549":"c","3550":"-","3551":"b","3552":"e","3553":"z","3554":"i","3555":"e","3556":"r","3557":"(","3558":"0","3559":".","3560":"4","3561":",","3562":" ","3563":"0","3564":",","3565":" ","3566":"0","3567":".","3568":"2","3569":",","3570":" ","3571":"1","3572":")","3573":";","3574":"\\","3575":"n","3576":" ","3577":" ","3578":"w","3579":"i","3580":"l","3581":"l","3582":"-","3583":"c","3584":"h","3585":"a","3586":"n","3587":"g","3588":"e","3589":":","3590":" ","3591":"t","3592":"r","3593":"a","3594":"n","3595":"s","3596":"f","3597":"o","3598":"r","3599":"m","3600":";","3601":"\\","3602":"n","3603":"}","3604":"\\","3605":"n","3606":"\\","3607":"n","3608":".","3609":"i","3610":"o","3611":"s","3612":"-","3613":"t","3614":"o","3615":"g","3616":"g","3617":"l","3618":"e","3619":"-","3620":"-","3621":"a","3622":"c","3623":"t","3624":"i","3625":"v","3626":"e","3627":" ","3628":".","3629":"i","3630":"o","3631":"s","3632":"-","3633":"t","3634":"o","3635":"g","3636":"g","3637":"l","3638":"e","3639":"_","3640":"_","3641":"t","3642":"r","3643":"a","3644":"c","3645":"k","3646":" ","3647":"{","3648":"\\","3649":"n","3650":" ","3651":" ","3652":"b","3653":"a","3654":"c","3655":"k","3656":"g","3657":"r","3658":"o","3659":"u","3660":"n","3661":"d","3662":"-","3663":"c","3664":"o","3665":"l","3666":"o","3667":"r","3668":":","3669":" ","3670":"v","3671":"a","3672":"r","3673":"(","3674":"-","3675":"-","3676":"a","3677":"c","3678":"t","3679":"i","3680":"v","3681":"e","3682":"-","3683":"c","3684":"o","3685":"l","3686":"o","3687":"r","3688":",","3689":" ","3690":"#","3691":"2","3692":"8","3693":"a","3694":"7","3695":"4","3696":"5","3697":")","3698":";","3699":"\\","3700":"n","3701":" ","3702":" ","3703":"b","3704":"o","3705":"x","3706":"-","3707":"s","3708":"h","3709":"a","3710":"d","3711":"o","3712":"w","3713":":","3714":" ","3715":"i","3716":"n","3717":"s","3718":"e","3719":"t","3720":" ","3721":"0","3722":" ","3723":"1","3724":"p","3725":"x","3726":" ","3727":"3","3728":"p","3729":"x","3730":" ","3731":"r","3732":"g","3733":"b","3734":"a","3735":"(","3736":"0","3737":",","3738":" ","3739":"0","3740":",","3741":" ","3742":"0","3743":",","3744":" ","3745":"0","3746":".","3747":"1","3748":")","3749":";","3750":"\\","3751":"n","3752":"}","3753":"\\","3754":"n","3755":"\\","3756":"n","3757":".","3758":"i","3759":"o","3760":"s","3761":"-","3762":"t","3763":"o","3764":"g","3765":"g","3766":"l","3767":"e","3768":"-","3769":"-","3770":"a","3771":"c","3772":"t","3773":"i","3774":"v","3775":"e","3776":" ","3777":".","3778":"i","3779":"o","3780":"s","3781":"-","3782":"t","3783":"o","3784":"g","3785":"g","3786":"l","3787":"e","3788":"_","3789":"_","3790":"t","3791":"h","3792":"u","3793":"m","3794":"b","3795":" ","3796":"{","3797":"\\","3798":"n","3799":" ","3800":" ","3801":"t","3802":"r","3803":"a","3804":"n","3805":"s","3806":"f","3807":"o","3808":"r","3809":"m","3810":":","3811":" ","3812":"t","3813":"r","3814":"a","3815":"n","3816":"s","3817":"l","3818":"a","3819":"t","3820":"e","3821":"X","3822":"(","3823":"v","3824":"a","3825":"r","3826":"(","3827":"-","3828":"-","3829":"t","3830":"h","3831":"u","3832":"m","3833":"b","3834":"-","3835":"o","3836":"f","3837":"f","3838":"s","3839":"e","3840":"t","3841":")","3842":")","3843":";","3844":"\\","3845":"n","3846":"}","3847":"\\","3848":"n","3849":"\\","3850":"n","3851":".","3852":"i","3853":"o","3854":"s","3855":"-","3856":"t","3857":"o","3858":"g","3859":"g","3860":"l","3861":"e","3862":"-","3863":"-","3864":"d","3865":"i","3866":"s","3867":"a","3868":"b","3869":"l","3870":"e","3871":"d","3872":" ","3873":"{","3874":"\\","3875":"n","3876":" ","3877":" ","3878":"c","3879":"u","3880":"r","3881":"s","3882":"o","3883":"r","3884":":","3885":" ","3886":"n","3887":"o","3888":"t","3889":"-","3890":"a","3891":"l","3892":"l","3893":"o","3894":"w","3895":"e","3896":"d","3897":";","3898":"\\","3899":"n","3900":" ","3901":" ","3902":"o","3903":"p","3904":"a","3905":"c","3906":"i","3907":"t","3908":"y","3909":":","3910":" ","3911":"0","3912":".","3913":"6","3914":";","3915":"\\","3916":"n","3917":"}","3918":"\\","3919":"n","3920":"\\","3921":"n","3922":".","3923":"i","3924":"o","3925":"s","3926":"-","3927":"t","3928":"o","3929":"g","3930":"g","3931":"l","3932":"e","3933":"-","3934":"-","3935":"d","3936":"i","3937":"s","3938":"a","3939":"b","3940":"l","3941":"e","3942":"d","3943":" ","3944":".","3945":"i","3946":"o","3947":"s","3948":"-","3949":"t","3950":"o","3951":"g","3952":"g","3953":"l","3954":"e","3955":"_","3956":"_","3957":"t","3958":"h","3959":"u","3960":"m","3961":"b","3962":" ","3963":"{","3964":"\\","3965":"n","3966":" ","3967":" ","3968":"b","3969":"o","3970":"x","3971":"-","3972":"s","3973":"h","3974":"a","3975":"d","3976":"o","3977":"w","3978":":","3979":" ","3980":"0","3981":" ","3982":"1","3983":"p","3984":"x","3985":" ","3986":"3","3987":"p","3988":"x","3989":" ","3990":"r","3991":"g","3992":"b","3993":"a","3994":"(","3995":"0","3996":",","3997":" ","3998":"0","3999":",","4000":" ","4001":"0","4002":",","4003":" ","4004":"0","4005":".","4006":"1","4007":")","4008":";","4009":"\\","4010":"n","4011":"}","4012":"\\","4013":"n","4014":"\\","4015":"n","4016":"/","4017":"*","4018":" ","4019":"H","4020":"o","4021":"v","4022":"e","4023":"r","4024":" ","4025":"e","4026":"f","4027":"f","4028":"e","4029":"c","4030":"t","4031":"s","4032":" ","4033":"*","4034":"/","4035":"\\","4036":"n","4037":".","4038":"i","4039":"o","4040":"s","4041":"-","4042":"t","4043":"o","4044":"g","4045":"g","4046":"l","4047":"e","4048":":","4049":"h","4050":"o","4051":"v","4052":"e","4053":"r","4054":":","4055":"n","4056":"o","4057":"t","4058":"(","4059":".","4060":"i","4061":"o","4062":"s","4063":"-","4064":"t","4065":"o","4066":"g","4067":"g","4068":"l","4069":"e","4070":"-","4071":"-","4072":"d","4073":"i","4074":"s","4075":"a","4076":"b","4077":"l","4078":"e","4079":"d","4080":")","4081":" ","4082":".","4083":"i","4084":"o","4085":"s","4086":"-","4087":"t","4088":"o","4089":"g","4090":"g","4091":"l","4092":"e","4093":"_","4094":"_","4095":"t","4096":"h","4097":"u","4098":"m","4099":"b","4100":" ","4101":"{","4102":"\\","4103":"n","4104":" ","4105":" ","4106":"b","4107":"o","4108":"x","4109":"-","4110":"s","4111":"h","4112":"a","4113":"d","4114":"o","4115":"w","4116":":","4117":" ","4118":"0","4119":" ","4120":"4","4121":"p","4122":"x","4123":" ","4124":"8","4125":"p","4126":"x","4127":" ","4128":"r","4129":"g","4130":"b","4131":"a","4132":"(","4133":"0","4134":",","4135":" ","4136":"0","4137":",","4138":" ","4139":"0","4140":",","4141":" ","4142":"0","4143":".","4144":"2","4145":"5","4146":")","4147":",","4148":" ","4149":"0","4150":" ","4151":"2","4152":"p","4153":"x","4154":" ","4155":"4","4156":"p","4157":"x","4158":" ","4159":"r","4160":"g","4161":"b","4162":"a","4163":"(","4164":"0","4165":",","4166":" ","4167":"0","4168":",","4169":" ","4170":"0","4171":",","4172":" ","4173":"0","4174":".","4175":"1","4176":"5","4177":")","4178":";","4179":"\\","4180":"n","4181":"}","4182":"\\","4183":"n","4184":"\\","4185":"n","4186":".","4187":"i","4188":"o","4189":"s","4190":"-","4191":"t","4192":"o","4193":"g","4194":"g","4195":"l","4196":"e","4197":"-","4198":"-","4199":"a","4200":"c","4201":"t","4202":"i","4203":"v","4204":"e","4205":":","4206":"h","4207":"o","4208":"v","4209":"e","4210":"r","4211":":","4212":"n","4213":"o","4214":"t","4215":"(","4216":".","4217":"i","4218":"o","4219":"s","4220":"-","4221":"t","4222":"o","4223":"g","4224":"g","4225":"l","4226":"e","4227":"-","4228":"-","4229":"d","4230":"i","4231":"s","4232":"a","4233":"b","4234":"l","4235":"e","4236":"d","4237":")","4238":" ","4239":".","4240":"i","4241":"o","4242":"s","4243":"-","4244":"t","4245":"o","4246":"g","4247":"g","4248":"l","4249":"e","4250":"_","4251":"_","4252":"t","4253":"h","4254":"u","4255":"m","4256":"b","4257":" ","4258":"{","4259":"\\","4260":"n","4261":" ","4262":" ","4263":"b","4264":"o","4265":"x","4266":"-","4267":"s","4268":"h","4269":"a","4270":"d","4271":"o","4272":"w","4273":":","4274":" ","4275":"0","4276":" ","4277":"4","4278":"p","4279":"x","4280":" ","4281":"8","4282":"p","4283":"x","4284":" ","4285":"r","4286":"g","4287":"b","4288":"a","4289":"(","4290":"0","4291":",","4292":" ","4293":"0","4294":",","4295":" ","4296":"0","4297":",","4298":" ","4299":"0","4300":".","4301":"2","4302":"5","4303":")","4304":",","4305":" ","4306":"0","4307":" ","4308":"2","4309":"p","4310":"x","4311":" ","4312":"4","4313":"p","4314":"x","4315":" ","4316":"r","4317":"g","4318":"b","4319":"a","4320":"(","4321":"0","4322":",","4323":" ","4324":"0","4325":",","4326":" ","4327":"0","4328":",","4329":" ","4330":"0","4331":".","4332":"1","4333":"5","4334":")","4335":";","4336":"\\","4337":"n","4338":"}","4339":"\\","4340":"n","4341":"\\","4342":"n","4343":"/","4344":"*","4345":" ","4346":"F","4347":"o","4348":"c","4349":"u","4350":"s","4351":" ","4352":"s","4353":"t","4354":"y","4355":"l","4356":"e","4357":"s","4358":" ","4359":"f","4360":"o","4361":"r","4362":" ","4363":"a","4364":"c","4365":"c","4366":"e","4367":"s","4368":"s","4369":"i","4370":"b","4371":"i","4372":"l","4373":"i","4374":"t","4375":"y","4376":" ","4377":"*","4378":"/","4379":"\\","4380":"n","4381":".","4382":"i","4383":"o","4384":"s","4385":"-","4386":"t","4387":"o","4388":"g","4389":"g","4390":"l","4391":"e","4392":"_","4393":"_","4394":"i","4395":"n","4396":"p","4397":"u","4398":"t","4399":":","4400":"f","4401":"o","4402":"c","4403":"u","4404":"s","4405":"-","4406":"v","4407":"i","4408":"s","4409":"i","4410":"b","4411":"l","4412":"e","4413":" ","4414":"+","4415":" ","4416":".","4417":"i","4418":"o","4419":"s","4420":"-","4421":"t","4422":"o","4423":"g","4424":"g","4425":"l","4426":"e","4427":"_","4428":"_","4429":"t","4430":"r","4431":"a","4432":"c","4433":"k","4434":" ","4435":"{","4436":"\\","4437":"n","4438":" ","4439":" ","4440":"o","4441":"u","4442":"t","4443":"l","4444":"i","4445":"n","4446":"e","4447":":","4448":" ","4449":"2","4450":"p","4451":"x","4452":" ","4453":"s","4454":"o","4455":"l","4456":"i","4457":"d","4458":" ","4459":"v","4460":"a","4461":"r","4462":"(","4463":"-","4464":"-","4465":"a","4466":"c","4467":"t","4468":"i","4469":"v","4470":"e","4471":"-","4472":"c","4473":"o","4474":"l","4475":"o","4476":"r","4477":",","4478":" ","4479":"#","4480":"2","4481":"8","4482":"a","4483":"7","4484":"4","4485":"5","4486":")","4487":";","4488":"\\","4489":"n","4490":" ","4491":" ","4492":"o","4493":"u","4494":"t","4495":"l","4496":"i","4497":"n","4498":"e","4499":"-","4500":"o","4501":"f","4502":"f","4503":"s","4504":"e","4505":"t","4506":":","4507":" ","4508":"2","4509":"p","4510":"x","4511":";","4512":"\\","4513":"n","4514":"}","4515":"\\","4516":"n","4517":"\\","4518":"n","4519":".","4520":"i","4521":"o","4522":"s","4523":"-","4524":"t","4525":"o","4526":"g","4527":"g","4528":"l","4529":"e","4530":"_","4531":"_","4532":"l","4533":"a","4534":"b","4535":"e","4536":"l","4537":" ","4538":"{","4539":"\\","4540":"n","4541":" ","4542":" ","4543":"m","4544":"a","4545":"r","4546":"g","4547":"i","4548":"n","4549":"-","4550":"l","4551":"e","4552":"f","4553":"t","4554":":","4555":" ","4556":"1","4557":"2","4558":"p","4559":"x","4560":";","4561":"\\","4562":"n","4563":" ","4564":" ","4565":"f","4566":"o","4567":"n","4568":"t","4569":"-","4570":"s","4571":"i","4572":"z","4573":"e","4574":":","4575":" ","4576":"1","4577":"4","4578":"p","4579":"x","4580":";","4581":"\\","4582":"n","4583":" ","4584":" ","4585":"f","4586":"o","4587":"n","4588":"t","4589":"-","4590":"w","4591":"e","4592":"i","4593":"g","4594":"h","4595":"t","4596":":","4597":" ","4598":"5","4599":"0","4600":"0","4601":";","4602":"\\","4603":"n","4604":" ","4605":" ","4606":"c","4607":"o","4608":"l","4609":"o","4610":"r","4611":":","4612":" ","4613":"v","4614":"a","4615":"r","4616":"(","4617":"-","4618":"-","4619":"a","4620":"c","4621":"t","4622":"i","4623":"v","4624":"e","4625":"-","4626":"c","4627":"o","4628":"l","4629":"o","4630":"r","4631":",","4632":" ","4633":"#","4634":"2","4635":"8","4636":"a","4637":"7","4638":"4","4639":"5","4640":")","4641":";","4642":"\\","4643":"n","4644":" ","4645":" ","4646":"t","4647":"r","4648":"a","4649":"n","4650":"s","4651":"i","4652":"t","4653":"i","4654":"o","4655":"n","4656":":","4657":" ","4658":"c","4659":"o","4660":"l","4661":"o","4662":"r","4663":" ","4664":"0","4665":".","4666":"2","4667":"s","4668":" ","4669":"e","4670":"a","4671":"s","4672":"e","4673":";","4674":"\\","4675":"n","4676":"}","4677":"\\","4678":"n","4679":"\\","4680":"n","4681":"/","4682":"*","4683":" ","4684":"S","4685":"i","4686":"z","4687":"e","4688":" ","4689":"v","4690":"a","4691":"r","4692":"i","4693":"a","4694":"n","4695":"t","4696":"s","4697":" ","4698":"*","4699":"/","4700":"\\","4701":"n","4702":".","4703":"i","4704":"o","4705":"s","4706":"-","4707":"t","4708":"o","4709":"g","4710":"g","4711":"l","4712":"e","4713":"-","4714":"-","4715":"s","4716":"m","4717":"a","4718":"l","4719":"l","4720":" ","4721":".","4722":"i","4723":"o","4724":"s","4725":"-","4726":"t","4727":"o","4728":"g","4729":"g","4730":"l","4731":"e","4732":"_","4733":"_","4734":"t","4735":"r","4736":"a","4737":"c","4738":"k","4739":" ","4740":"{","4741":"\\","4742":"n","4743":" ","4744":" ","4745":"w","4746":"i","4747":"d","4748":"t","4749":"h","4750":":","4751":" ","4752":"5","4753":"6","4754":"p","4755":"x","4756":";","4757":"\\","4758":"n","4759":" ","4760":" ","4761":"h","4762":"e","4763":"i","4764":"g","4765":"h","4766":"t","4767":":","4768":" ","4769":"3","4770":"2","4771":"p","4772":"x","4773":";","4774":"\\","4775":"n","4776":"}","4777":"\\","4778":"n","4779":"\\","4780":"n","4781":".","4782":"i","4783":"o","4784":"s","4785":"-","4786":"t","4787":"o","4788":"g","4789":"g","4790":"l","4791":"e","4792":"-","4793":"-","4794":"s","4795":"m","4796":"a","4797":"l","4798":"l","4799":" ","4800":".","4801":"i","4802":"o","4803":"s","4804":"-","4805":"t","4806":"o","4807":"g","4808":"g","4809":"l","4810":"e","4811":"_","4812":"_","4813":"t","4814":"h","4815":"u","4816":"m","4817":"b","4818":" ","4819":"{","4820":"\\","4821":"n","4822":" ","4823":" ","4824":"w","4825":"i","4826":"d","4827":"t","4828":"h","4829":":","4830":" ","4831":"2","4832":"8","4833":"p","4834":"x","4835":";","4836":"\\","4837":"n","4838":" ","4839":" ","4840":"h","4841":"e","4842":"i","4843":"g","4844":"h","4845":"t","4846":":","4847":" ","4848":"2","4849":"8","4850":"p","4851":"x","4852":";","4853":"\\","4854":"n","4855":"}","4856":"\\","4857":"n","4858":"\\","4859":"n","4860":".","4861":"i","4862":"o","4863":"s","4864":"-","4865":"t","4866":"o","4867":"g","4868":"g","4869":"l","4870":"e","4871":"-","4872":"-","4873":"s","4874":"m","4875":"a","4876":"l","4877":"l","4878":" ","4879":"{","4880":"\\","4881":"n","4882":" ","4883":" ","4884":"-","4885":"-","4886":"t","4887":"h","4888":"u","4889":"m","4890":"b","4891":"-","4892":"o","4893":"f","4894":"f","4895":"s","4896":"e","4897":"t","4898":":","4899":" ","4900":"2","4901":"4","4902":"p","4903":"x","4904":";","4905":"\\","4906":"n","4907":"}","4908":"\\","4909":"n","4910":"\\","4911":"n","4912":".","4913":"i","4914":"o","4915":"s","4916":"-","4917":"t","4918":"o","4919":"g","4920":"g","4921":"l","4922":"e","4923":"-","4924":"-","4925":"s","4926":"m","4927":"a","4928":"l","4929":"l","4930":" ","4931":".","4932":"i","4933":"o","4934":"s","4935":"-","4936":"t","4937":"o","4938":"g","4939":"g","4940":"l","4941":"e","4942":"_","4943":"_","4944":"l","4945":"a","4946":"b","4947":"e","4948":"l","4949":" ","4950":"{","4951":"\\","4952":"n","4953":" ","4954":" ","4955":"f","4956":"o","4957":"n","4958":"t","4959":"-","4960":"s","4961":"i","4962":"z","4963":"e","4964":":","4965":" ","4966":"1","4967":"2","4968":"p","4969":"x","4970":";","4971":"\\","4972":"n","4973":" ","4974":" ","4975":"m","4976":"a","4977":"r","4978":"g","4979":"i","4980":"n","4981":"-","4982":"l","4983":"e","4984":"f","4985":"t","4986":":","4987":" ","4988":"8","4989":"p","4990":"x","4991":";","4992":"\\","4993":"n","4994":"}","4995":"\\","4996":"n","4997":"\\","4998":"n","4999":".","5000":"i","5001":"o","5002":"s","5003":"-","5004":"t","5005":"o","5006":"g","5007":"g","5008":"l","5009":"e","5010":"-","5011":"-","5012":"m","5013":"e","5014":"d","5015":"i","5016":"u","5017":"m","5018":" ","5019":".","5020":"i","5021":"o","5022":"s","5023":"-","5024":"t","5025":"o","5026":"g","5027":"g","5028":"l","5029":"e","5030":"_","5031":"_","5032":"t","5033":"r","5034":"a","5035":"c","5036":"k","5037":" ","5038":"{","5039":"\\","5040":"n","5041":" ","5042":" ","5043":"w","5044":"i","5045":"d","5046":"t","5047":"h","5048":":","5049":" ","5050":"7","5051":"6","5052":"p","5053":"x","5054":";","5055":"\\","5056":"n","5057":" ","5058":" ","5059":"h","5060":"e","5061":"i","5062":"g","5063":"h","5064":"t","5065":":","5066":" ","5067":"4","5068":"4","5069":"p","5070":"x","5071":";","5072":"\\","5073":"n","5074":"}","5075":"\\","5076":"n","5077":"\\","5078":"n","5079":".","5080":"i","5081":"o","5082":"s","5083":"-","5084":"t","5085":"o","5086":"g","5087":"g","5088":"l","5089":"e","5090":"-","5091":"-","5092":"m","5093":"e","5094":"d","5095":"i","5096":"u","5097":"m","5098":" ","5099":".","5100":"i","5101":"o","5102":"s","5103":"-","5104":"t","5105":"o","5106":"g","5107":"g","5108":"l","5109":"e","5110":"_","5111":"_","5112":"t","5113":"h","5114":"u","5115":"m","5116":"b","5117":" ","5118":"{","5119":"\\","5120":"n","5121":" ","5122":" ","5123":"w","5124":"i","5125":"d","5126":"t","5127":"h","5128":":","5129":" ","5130":"4","5131":"0","5132":"p","5133":"x","5134":";","5135":"\\","5136":"n","5137":" ","5138":" ","5139":"h","5140":"e","5141":"i","5142":"g","5143":"h","5144":"t","5145":":","5146":" ","5147":"4","5148":"0","5149":"p","5150":"x","5151":";","5152":"\\","5153":"n","5154":"}","5155":"\\","5156":"n","5157":"\\","5158":"n","5159":".","5160":"i","5161":"o","5162":"s","5163":"-","5164":"t","5165":"o","5166":"g","5167":"g","5168":"l","5169":"e","5170":"-","5171":"-","5172":"m","5173":"e","5174":"d","5175":"i","5176":"u","5177":"m","5178":" ","5179":"{","5180":"\\","5181":"n","5182":" ","5183":" ","5184":"-","5185":"-","5186":"t","5187":"h","5188":"u","5189":"m","5190":"b","5191":"-","5192":"o","5193":"f","5194":"f","5195":"s","5196":"e","5197":"t","5198":":","5199":" ","5200":"3","5201":"2","5202":"p","5203":"x","5204":";","5205":"\\","5206":"n","5207":"}","5208":"\\","5209":"n","5210":"\\","5211":"n","5212":".","5213":"i","5214":"o","5215":"s","5216":"-","5217":"t","5218":"o","5219":"g","5220":"g","5221":"l","5222":"e","5223":"-","5224":"-","5225":"m","5226":"e","5227":"d","5228":"i","5229":"u","5230":"m","5231":" ","5232":".","5233":"i","5234":"o","5235":"s","5236":"-","5237":"t","5238":"o","5239":"g","5240":"g","5241":"l","5242":"e","5243":"_","5244":"_","5245":"l","5246":"a","5247":"b","5248":"e","5249":"l","5250":" ","5251":"{","5252":"\\","5253":"n","5254":" ","5255":" ","5256":"f","5257":"o","5258":"n","5259":"t","5260":"-","5261":"s","5262":"i","5263":"z","5264":"e","5265":":","5266":" ","5267":"1","5268":"4","5269":"p","5270":"x","5271":";","5272":"\\","5273":"n","5274":" ","5275":" ","5276":"m","5277":"a","5278":"r","5279":"g","5280":"i","5281":"n","5282":"-","5283":"l","5284":"e","5285":"f","5286":"t","5287":":","5288":" ","5289":"1","5290":"2","5291":"p","5292":"x","5293":";","5294":"\\","5295":"n","5296":"}","5297":"\\","5298":"n","5299":"\\","5300":"n","5301":".","5302":"i","5303":"o","5304":"s","5305":"-","5306":"t","5307":"o","5308":"g","5309":"g","5310":"l","5311":"e","5312":"-","5313":"-","5314":"l","5315":"a","5316":"r","5317":"g","5318":"e","5319":" ","5320":".","5321":"i","5322":"o","5323":"s","5324":"-","5325":"t","5326":"o","5327":"g","5328":"g","5329":"l","5330":"e","5331":"_","5332":"_","5333":"t","5334":"r","5335":"a","5336":"c","5337":"k","5338":" ","5339":"{","5340":"\\","5341":"n","5342":" ","5343":" ","5344":"w","5345":"i","5346":"d","5347":"t","5348":"h","5349":":","5350":" ","5351":"9","5352":"6","5353":"p","5354":"x","5355":";","5356":"\\","5357":"n","5358":" ","5359":" ","5360":"h","5361":"e","5362":"i","5363":"g","5364":"h","5365":"t","5366":":","5367":" ","5368":"5","5369":"6","5370":"p","5371":"x","5372":";","5373":"\\","5374":"n","5375":"}","5376":"\\","5377":"n","5378":"\\","5379":"n","5380":".","5381":"i","5382":"o","5383":"s","5384":"-","5385":"t","5386":"o","5387":"g","5388":"g","5389":"l","5390":"e","5391":"-","5392":"-","5393":"l","5394":"a","5395":"r","5396":"g","5397":"e","5398":" ","5399":".","5400":"i","5401":"o","5402":"s","5403":"-","5404":"t","5405":"o","5406":"g","5407":"g","5408":"l","5409":"e","5410":"_","5411":"_","5412":"t","5413":"h","5414":"u","5415":"m","5416":"b","5417":" ","5418":"{","5419":"\\","5420":"n","5421":" ","5422":" ","5423":"w","5424":"i","5425":"d","5426":"t","5427":"h","5428":":","5429":" ","5430":"5","5431":"2","5432":"p","5433":"x","5434":";","5435":"\\","5436":"n","5437":" ","5438":" ","5439":"h","5440":"e","5441":"i","5442":"g","5443":"h","5444":"t","5445":":","5446":" ","5447":"5","5448":"2","5449":"p","5450":"x","5451":";","5452":"\\","5453":"n","5454":"}","5455":"\\","5456":"n","5457":"\\","5458":"n","5459":".","5460":"i","5461":"o","5462":"s","5463":"-","5464":"t","5465":"o","5466":"g","5467":"g","5468":"l","5469":"e","5470":"-","5471":"-","5472":"l","5473":"a","5474":"r","5475":"g","5476":"e","5477":" ","5478":"{","5479":"\\","5480":"n","5481":" ","5482":" ","5483":"-","5484":"-","5485":"t","5486":"h","5487":"u","5488":"m","5489":"b","5490":"-","5491":"o","5492":"f","5493":"f","5494":"s","5495":"e","5496":"t","5497":":","5498":" ","5499":"4","5500":"0","5501":"p","5502":"x","5503":";","5504":"\\","5505":"n","5506":"}","5507":"\\","5508":"n","5509":"\\","5510":"n","5511":".","5512":"i","5513":"o","5514":"s","5515":"-","5516":"t","5517":"o","5518":"g","5519":"g","5520":"l","5521":"e","5522":"-","5523":"-","5524":"l","5525":"a","5526":"r","5527":"g","5528":"e","5529":" ","5530":".","5531":"i","5532":"o","5533":"s","5534":"-","5535":"t","5536":"o","5537":"g","5538":"g","5539":"l","5540":"e","5541":"_","5542":"_","5543":"l","5544":"a","5545":"b","5546":"e","5547":"l","5548":" ","5549":"{","5550":"\\","5551":"n","5552":" ","5553":" ","5554":"f","5555":"o","5556":"n","5557":"t","5558":"-","5559":"s","5560":"i","5561":"z","5562":"e","5563":":","5564":" ","5565":"1","5566":"6","5567":"p","5568":"x","5569":";","5570":"\\","5571":"n","5572":" ","5573":" ","5574":"m","5575":"a","5576":"r","5577":"g","5578":"i","5579":"n","5580":"-","5581":"l","5582":"e","5583":"f","5584":"t","5585":":","5586":" ","5587":"1","5588":"6","5589":"p","5590":"x","5591":";","5592":"\\","5593":"n","5594":"}","5595":"\\","5596":"n","5597":"\\","5598":"n","5599":"/","5600":"*","5601":" ","5602":"H","5603":"i","5604":"g","5605":"h","5606":" ","5607":"c","5608":"o","5609":"n","5610":"t","5611":"r","5612":"a","5613":"s","5614":"t","5615":" ","5616":"m","5617":"o","5618":"d","5619":"e","5620":" ","5621":"s","5622":"u","5623":"p","5624":"p","5625":"o","5626":"r","5627":"t","5628":" ","5629":"*","5630":"/","5631":"\\","5632":"n","5633":"@","5634":"m","5635":"e","5636":"d","5637":"i","5638":"a","5639":" ","5640":"(","5641":"p","5642":"r","5643":"e","5644":"f","5645":"e","5646":"r","5647":"s","5648":"-","5649":"c","5650":"o","5651":"n","5652":"t","5653":"r","5654":"a","5655":"s","5656":"t","5657":":","5658":" ","5659":"h","5660":"i","5661":"g","5662":"h","5663":")","5664":" ","5665":"{","5666":"\\","5667":"n","5668":" ","5669":" ","5670":".","5671":"i","5672":"o","5673":"s","5674":"-","5675":"t","5676":"o","5677":"g","5678":"g","5679":"l","5680":"e","5681":"_","5682":"_","5683":"t","5684":"r","5685":"a","5686":"c","5687":"k","5688":" ","5689":"{","5690":"\\","5691":"n","5692":" ","5693":" ","5694":" ","5695":" ","5696":"b","5697":"o","5698":"r","5699":"d","5700":"e","5701":"r","5702":":","5703":" ","5704":"2","5705":"p","5706":"x","5707":" ","5708":"s","5709":"o","5710":"l","5711":"i","5712":"d","5713":" ","5714":"c","5715":"u","5716":"r","5717":"r","5718":"e","5719":"n","5720":"t","5721":"C","5722":"o","5723":"l","5724":"o","5725":"r","5726":";","5727":"\\","5728":"n","5729":" ","5730":" ","5731":"}","5732":"\\","5733":"n","5734":" ","5735":" ","5736":"\\","5737":"n","5738":" ","5739":" ","5740":".","5741":"i","5742":"o","5743":"s","5744":"-","5745":"t","5746":"o","5747":"g","5748":"g","5749":"l","5750":"e","5751":"-","5752":"-","5753":"d","5754":"i","5755":"s","5756":"a","5757":"b","5758":"l","5759":"e","5760":"d","5761":" ","5762":"{","5763":"\\","5764":"n","5765":" ","5766":" ","5767":" ","5768":" ","5769":"o","5770":"p","5771":"a","5772":"c","5773":"i","5774":"t","5775":"y","5776":":","5777":" ","5778":"0","5779":".","5780":"8","5781":";","5782":"\\","5783":"n","5784":" ","5785":" ","5786":"}","5787":"\\","5788":"n","5789":"}","5790":"\\","5791":"n","5792":"\\","5793":"n","5794":"/","5795":"*","5796":" ","5797":"R","5798":"e","5799":"d","5800":"u","5801":"c","5802":"e","5803":" ","5804":"m","5805":"o","5806":"t","5807":"i","5808":"o","5809":"n","5810":" ","5811":"s","5812":"u","5813":"p","5814":"p","5815":"o","5816":"r","5817":"t","5818":" ","5819":"*","5820":"/","5821":"\\","5822":"n","5823":"@","5824":"m","5825":"e","5826":"d","5827":"i","5828":"a","5829":" ","5830":"(","5831":"p","5832":"r","5833":"e","5834":"f","5835":"e","5836":"r","5837":"s","5838":"-","5839":"r","5840":"e","5841":"d","5842":"u","5843":"c","5844":"e","5845":"d","5846":"-","5847":"m","5848":"o","5849":"t","5850":"i","5851":"o","5852":"n","5853":":","5854":" ","5855":"r","5856":"e","5857":"d","5858":"u","5859":"c","5860":"e","5861":")","5862":" ","5863":"{","5864":"\\","5865":"n","5866":" ","5867":" ","5868":".","5869":"i","5870":"o","5871":"s","5872":"-","5873":"t","5874":"o","5875":"g","5876":"g","5877":"l","5878":"e","5879":"_","5880":"_","5881":"t","5882":"r","5883":"a","5884":"c","5885":"k","5886":",","5887":"\\","5888":"n","5889":" ","5890":" ","5891":".","5892":"i","5893":"o","5894":"s","5895":"-","5896":"t","5897":"o","5898":"g","5899":"g","5900":"l","5901":"e","5902":"_","5903":"_","5904":"t","5905":"h","5906":"u","5907":"m","5908":"b","5909":" ","5910":"{","5911":"\\","5912":"n","5913":" ","5914":" ","5915":" ","5916":" ","5917":"t","5918":"r","5919":"a","5920":"n","5921":"s","5922":"i","5923":"t","5924":"i","5925":"o","5926":"n","5927":":","5928":" ","5929":"n","5930":"o","5931":"n","5932":"e","5933":";","5934":"\\","5935":"n","5936":" ","5937":" ","5938":"}","5939":"\\","5940":"n","5941":"}","5942":"\\","5943":"n","5944":"<","5945":"/","5946":"s","5947":"t","5948":"y","5949":"l","5950":"e","5951":">","5952":"\\","5953":"n","5954":"\"","5955":"]","5956":"}"},"_coverageSchema":"1a1c01bbd47fc00a2c39e90264f33305004495a9","hash":"8c53000dad2a56899802518a0a6caa3d120a12f1"}
}
