TN:
SF:components/ToggleButton.vue
FN:40,(anonymous_0)
FN:53,(anonymous_1)
FN:61,(anonymous_2)
FN:61,(anonymous_3)
FN:64,(anonymous_4)
FN:65,(anonymous_5)
FN:67,(anonymous_6)
FN:68,(anonymous_7)
FN:101,render
FN:116,(anonymous_9)
FNF:10
FNH:10
FNDA:26,(anonymous_0)
FNDA:18,(anonymous_1)
FNDA:20,(anonymous_2)
FNDA:2,(anonymous_3)
FNDA:26,(anonymous_4)
FNDA:18,(anonymous_5)
FNDA:26,(anonymous_6)
FNDA:6,(anonymous_7)
FNDA:32,render
FNDA:6,(anonymous_9)
DA:4,1
DA:7,1
DA:8,1
DA:40,26
DA:57,18
DA:58,18
DA:59,18
DA:60,18
DA:61,20
DA:62,2
DA:64,26
DA:65,18
DA:66,18
DA:67,26
DA:69,6
DA:70,6
DA:73,18
DA:81,18
DA:85,18
DA:90,1
DA:93,1
DA:94,1
DA:95,1
DA:96,1
DA:97,1
DA:102,32
DA:117,6
DA:125,1
LF:28
LH:28
BRDA:116,0,0,32
BRDA:116,0,1,18
BRDA:120,1,0,32
BRDA:120,1,1,18
BRDA:124,2,0,2
BRDA:124,2,1,30
BRDA:124,3,0,1
BRDA:124,3,1,1
BRF:8
BRH:8
end_of_record
